<?xml version="1.0" encoding="UTF-8"?>
<testsuite xmlns:xsi="http://www.w3.org/2001/XMLSchema-instance" xsi:noNamespaceSchemaLocation="https://maven.apache.org/surefire/maven-surefire-plugin/xsd/surefire-test-report.xsd" name="ec.edu.espe.examen3.Examen3ApplicationTests" time="3.419" tests="1" errors="0" skipped="0" failures="0">
  <properties>
    <property name="sun.desktop" value="gnome"/>
    <property name="awt.toolkit" value="sun.awt.X11.XToolkit"/>
    <property name="java.specification.version" value="11"/>
    <property name="sun.cpu.isalist" value=""/>
    <property name="sun.jnu.encoding" value="UTF-8"/>
    <property name="java.class.path" value="/home/esteban/Documents/ESPE/Noveno Semestre/distribuidas-Dani/examen3/target/test-classes:/home/esteban/Documents/ESPE/Noveno Semestre/distribuidas-Dani/examen3/target/classes:/home/esteban/.m2/repository/org/springframework/boot/spring-boot-starter-data-rest/2.6.0-SNAPSHOT/spring-boot-starter-data-rest-2.6.0-SNAPSHOT.jar:/home/esteban/.m2/repository/org/springframework/data/spring-data-rest-webmvc/3.6.0-M2/spring-data-rest-webmvc-3.6.0-M2.jar:/home/esteban/.m2/repository/org/springframework/data/spring-data-rest-core/3.6.0-M2/spring-data-rest-core-3.6.0-M2.jar:/home/esteban/.m2/repository/org/springframework/hateoas/spring-hateoas/1.4.0-M2/spring-hateoas-1.4.0-M2.jar:/home/esteban/.m2/repository/org/springframework/plugin/spring-plugin-core/2.0.0.RELEASE/spring-plugin-core-2.0.0.RELEASE.jar:/home/esteban/.m2/repository/org/atteo/evo-inflector/1.2.2/evo-inflector-1.2.2.jar:/home/esteban/.m2/repository/com/fasterxml/jackson/core/jackson-databind/2.12.4/jackson-databind-2.12.4.jar:/home/esteban/.m2/repository/com/fasterxml/jackson/core/jackson-core/2.12.4/jackson-core-2.12.4.jar:/home/esteban/.m2/repository/com/fasterxml/jackson/core/jackson-annotations/2.12.4/jackson-annotations-2.12.4.jar:/home/esteban/.m2/repository/org/slf4j/slf4j-api/1.7.32/slf4j-api-1.7.32.jar:/home/esteban/.m2/repository/org/springframework/boot/spring-boot-starter-web/2.6.0-SNAPSHOT/spring-boot-starter-web-2.6.0-SNAPSHOT.jar:/home/esteban/.m2/repository/org/springframework/boot/spring-boot-starter/2.6.0-SNAPSHOT/spring-boot-starter-2.6.0-SNAPSHOT.jar:/home/esteban/.m2/repository/org/springframework/boot/spring-boot-starter-logging/2.6.0-SNAPSHOT/spring-boot-starter-logging-2.6.0-SNAPSHOT.jar:/home/esteban/.m2/repository/ch/qos/logback/logback-classic/1.2.5/logback-classic-1.2.5.jar:/home/esteban/.m2/repository/ch/qos/logback/logback-core/1.2.5/logback-core-1.2.5.jar:/home/esteban/.m2/repository/org/apache/logging/log4j/log4j-to-slf4j/2.14.1/log4j-to-slf4j-2.14.1.jar:/home/esteban/.m2/repository/org/apache/logging/log4j/log4j-api/2.14.1/log4j-api-2.14.1.jar:/home/esteban/.m2/repository/org/slf4j/jul-to-slf4j/1.7.32/jul-to-slf4j-1.7.32.jar:/home/esteban/.m2/repository/jakarta/annotation/jakarta.annotation-api/1.3.5/jakarta.annotation-api-1.3.5.jar:/home/esteban/.m2/repository/org/yaml/snakeyaml/1.29/snakeyaml-1.29.jar:/home/esteban/.m2/repository/org/springframework/boot/spring-boot-starter-json/2.6.0-SNAPSHOT/spring-boot-starter-json-2.6.0-SNAPSHOT.jar:/home/esteban/.m2/repository/com/fasterxml/jackson/datatype/jackson-datatype-jdk8/2.12.4/jackson-datatype-jdk8-2.12.4.jar:/home/esteban/.m2/repository/com/fasterxml/jackson/datatype/jackson-datatype-jsr310/2.12.4/jackson-datatype-jsr310-2.12.4.jar:/home/esteban/.m2/repository/com/fasterxml/jackson/module/jackson-module-parameter-names/2.12.4/jackson-module-parameter-names-2.12.4.jar:/home/esteban/.m2/repository/org/springframework/boot/spring-boot-starter-tomcat/2.6.0-SNAPSHOT/spring-boot-starter-tomcat-2.6.0-SNAPSHOT.jar:/home/esteban/.m2/repository/org/apache/tomcat/embed/tomcat-embed-core/9.0.52/tomcat-embed-core-9.0.52.jar:/home/esteban/.m2/repository/org/apache/tomcat/embed/tomcat-embed-el/9.0.52/tomcat-embed-el-9.0.52.jar:/home/esteban/.m2/repository/org/apache/tomcat/embed/tomcat-embed-websocket/9.0.52/tomcat-embed-websocket-9.0.52.jar:/home/esteban/.m2/repository/org/springframework/spring-web/5.3.10-SNAPSHOT/spring-web-5.3.10-SNAPSHOT.jar:/home/esteban/.m2/repository/org/springframework/spring-beans/5.3.10-SNAPSHOT/spring-beans-5.3.10-SNAPSHOT.jar:/home/esteban/.m2/repository/org/springframework/spring-webmvc/5.3.10-SNAPSHOT/spring-webmvc-5.3.10-SNAPSHOT.jar:/home/esteban/.m2/repository/org/springframework/spring-aop/5.3.10-SNAPSHOT/spring-aop-5.3.10-SNAPSHOT.jar:/home/esteban/.m2/repository/org/springframework/spring-context/5.3.10-SNAPSHOT/spring-context-5.3.10-SNAPSHOT.jar:/home/esteban/.m2/repository/org/springframework/spring-expression/5.3.10-SNAPSHOT/spring-expression-5.3.10-SNAPSHOT.jar:/home/esteban/.m2/repository/org/springframework/boot/spring-boot-devtools/2.6.0-SNAPSHOT/spring-boot-devtools-2.6.0-SNAPSHOT.jar:/home/esteban/.m2/repository/org/springframework/boot/spring-boot/2.6.0-SNAPSHOT/spring-boot-2.6.0-SNAPSHOT.jar:/home/esteban/.m2/repository/org/springframework/boot/spring-boot-autoconfigure/2.6.0-SNAPSHOT/spring-boot-autoconfigure-2.6.0-SNAPSHOT.jar:/home/esteban/.m2/repository/org/springframework/boot/spring-boot-starter-data-mongodb/2.6.0-SNAPSHOT/spring-boot-starter-data-mongodb-2.6.0-SNAPSHOT.jar:/home/esteban/.m2/repository/org/mongodb/mongodb-driver-sync/4.3.0/mongodb-driver-sync-4.3.0.jar:/home/esteban/.m2/repository/org/mongodb/bson/4.3.0/bson-4.3.0.jar:/home/esteban/.m2/repository/org/mongodb/mongodb-driver-core/4.3.0/mongodb-driver-core-4.3.0.jar:/home/esteban/.m2/repository/org/springframework/data/spring-data-mongodb/3.3.0-M2/spring-data-mongodb-3.3.0-M2.jar:/home/esteban/.m2/repository/org/springframework/spring-tx/5.3.10-SNAPSHOT/spring-tx-5.3.10-SNAPSHOT.jar:/home/esteban/.m2/repository/org/springframework/data/spring-data-commons/2.6.0-M2/spring-data-commons-2.6.0-M2.jar:/home/esteban/.m2/repository/org/springframework/batch/spring-batch-test/4.3.3/spring-batch-test-4.3.3.jar:/home/esteban/.m2/repository/junit/junit/4.13.2/junit-4.13.2.jar:/home/esteban/.m2/repository/org/hamcrest/hamcrest-core/2.2/hamcrest-core-2.2.jar:/home/esteban/.m2/repository/org/springframework/batch/spring-batch-core/4.3.3/spring-batch-core-4.3.3.jar:/home/esteban/.m2/repository/io/micrometer/micrometer-core/1.8.0-M2/micrometer-core-1.8.0-M2.jar:/home/esteban/.m2/repository/org/hdrhistogram/HdrHistogram/2.1.12/HdrHistogram-2.1.12.jar:/home/esteban/.m2/repository/org/latencyutils/LatencyUtils/2.0.3/LatencyUtils-2.0.3.jar:/home/esteban/.m2/repository/javax/batch/javax.batch-api/1.0/javax.batch-api-1.0.jar:/home/esteban/.m2/repository/org/codehaus/jettison/jettison/1.2/jettison-1.2.jar:/home/esteban/.m2/repository/org/springframework/batch/spring-batch-infrastructure/4.3.3/spring-batch-infrastructure-4.3.3.jar:/home/esteban/.m2/repository/org/springframework/retry/spring-retry/1.3.1/spring-retry-1.3.1.jar:/home/esteban/.m2/repository/javax/annotation/javax.annotation-api/1.3.2/javax.annotation-api-1.3.2.jar:/home/esteban/.m2/repository/org/springframework/spring-jdbc/5.3.10-SNAPSHOT/spring-jdbc-5.3.10-SNAPSHOT.jar:/home/esteban/.m2/repository/org/springframework/spring-test/5.3.10-SNAPSHOT/spring-test-5.3.10-SNAPSHOT.jar:/home/esteban/.m2/repository/org/hsqldb/hsqldb/2.5.2/hsqldb-2.5.2.jar:/home/esteban/.m2/repository/org/projectlombok/lombok/1.18.20/lombok-1.18.20.jar:/home/esteban/.m2/repository/org/springframework/boot/spring-boot-starter-test/2.6.0-SNAPSHOT/spring-boot-starter-test-2.6.0-SNAPSHOT.jar:/home/esteban/.m2/repository/org/springframework/boot/spring-boot-test/2.6.0-SNAPSHOT/spring-boot-test-2.6.0-SNAPSHOT.jar:/home/esteban/.m2/repository/org/springframework/boot/spring-boot-test-autoconfigure/2.6.0-SNAPSHOT/spring-boot-test-autoconfigure-2.6.0-SNAPSHOT.jar:/home/esteban/.m2/repository/com/jayway/jsonpath/json-path/2.6.0/json-path-2.6.0.jar:/home/esteban/.m2/repository/net/minidev/json-smart/2.4.7/json-smart-2.4.7.jar:/home/esteban/.m2/repository/net/minidev/accessors-smart/2.4.7/accessors-smart-2.4.7.jar:/home/esteban/.m2/repository/org/ow2/asm/asm/9.1/asm-9.1.jar:/home/esteban/.m2/repository/jakarta/xml/bind/jakarta.xml.bind-api/2.3.3/jakarta.xml.bind-api-2.3.3.jar:/home/esteban/.m2/repository/jakarta/activation/jakarta.activation-api/1.2.2/jakarta.activation-api-1.2.2.jar:/home/esteban/.m2/repository/org/assertj/assertj-core/3.20.2/assertj-core-3.20.2.jar:/home/esteban/.m2/repository/org/hamcrest/hamcrest/2.2/hamcrest-2.2.jar:/home/esteban/.m2/repository/org/junit/jupiter/junit-jupiter/5.7.2/junit-jupiter-5.7.2.jar:/home/esteban/.m2/repository/org/junit/jupiter/junit-jupiter-api/5.7.2/junit-jupiter-api-5.7.2.jar:/home/esteban/.m2/repository/org/apiguardian/apiguardian-api/1.1.0/apiguardian-api-1.1.0.jar:/home/esteban/.m2/repository/org/opentest4j/opentest4j/1.2.0/opentest4j-1.2.0.jar:/home/esteban/.m2/repository/org/junit/platform/junit-platform-commons/1.7.2/junit-platform-commons-1.7.2.jar:/home/esteban/.m2/repository/org/junit/jupiter/junit-jupiter-params/5.7.2/junit-jupiter-params-5.7.2.jar:/home/esteban/.m2/repository/org/junit/jupiter/junit-jupiter-engine/5.7.2/junit-jupiter-engine-5.7.2.jar:/home/esteban/.m2/repository/org/junit/platform/junit-platform-engine/1.7.2/junit-platform-engine-1.7.2.jar:/home/esteban/.m2/repository/org/mockito/mockito-core/3.11.2/mockito-core-3.11.2.jar:/home/esteban/.m2/repository/net/bytebuddy/byte-buddy/1.11.12/byte-buddy-1.11.12.jar:/home/esteban/.m2/repository/net/bytebuddy/byte-buddy-agent/1.11.12/byte-buddy-agent-1.11.12.jar:/home/esteban/.m2/repository/org/objenesis/objenesis/3.2/objenesis-3.2.jar:/home/esteban/.m2/repository/org/mockito/mockito-junit-jupiter/3.11.2/mockito-junit-jupiter-3.11.2.jar:/home/esteban/.m2/repository/org/skyscreamer/jsonassert/1.5.0/jsonassert-1.5.0.jar:/home/esteban/.m2/repository/com/vaadin/external/google/android-json/0.0.20131108.vaadin1/android-json-0.0.20131108.vaadin1.jar:/home/esteban/.m2/repository/org/springframework/spring-core/5.3.10-SNAPSHOT/spring-core-5.3.10-SNAPSHOT.jar:/home/esteban/.m2/repository/org/springframework/spring-jcl/5.3.10-SNAPSHOT/spring-jcl-5.3.10-SNAPSHOT.jar:/home/esteban/.m2/repository/org/xmlunit/xmlunit-core/2.8.2/xmlunit-core-2.8.2.jar:"/>
    <property name="java.vm.vendor" value="Oracle Corporation"/>
    <property name="sun.arch.data.model" value="64"/>
    <property name="java.vendor.url" value="https://openjdk.java.net/"/>
    <property name="user.timezone" value=""/>
    <property name="java.vm.specification.version" value="11"/>
    <property name="os.name" value="Linux"/>
    <property name="sun.java.launcher" value="SUN_STANDARD"/>
    <property name="user.country" value="US"/>
    <property name="sun.boot.library.path" value="/usr/lib/jvm/java-11-openjdk/lib"/>
    <property name="sun.java.command" value="/home/esteban/Documents/ESPE/Noveno Semestre/distribuidas-Dani/examen3/target/surefire/surefirebooter2876948175552964861.jar /home/esteban/Documents/ESPE/Noveno Semestre/distribuidas-Dani/examen3/target/surefire 2021-09-10T20-35-01_931-jvmRun1 surefire7887825282244462993tmp surefire_08059549303313494248tmp"/>
    <property name="jdk.debug" value="release"/>
    <property name="surefire.test.class.path" value="/home/esteban/Documents/ESPE/Noveno Semestre/distribuidas-Dani/examen3/target/test-classes:/home/esteban/Documents/ESPE/Noveno Semestre/distribuidas-Dani/examen3/target/classes:/home/esteban/.m2/repository/org/springframework/boot/spring-boot-starter-data-rest/2.6.0-SNAPSHOT/spring-boot-starter-data-rest-2.6.0-SNAPSHOT.jar:/home/esteban/.m2/repository/org/springframework/data/spring-data-rest-webmvc/3.6.0-M2/spring-data-rest-webmvc-3.6.0-M2.jar:/home/esteban/.m2/repository/org/springframework/data/spring-data-rest-core/3.6.0-M2/spring-data-rest-core-3.6.0-M2.jar:/home/esteban/.m2/repository/org/springframework/hateoas/spring-hateoas/1.4.0-M2/spring-hateoas-1.4.0-M2.jar:/home/esteban/.m2/repository/org/springframework/plugin/spring-plugin-core/2.0.0.RELEASE/spring-plugin-core-2.0.0.RELEASE.jar:/home/esteban/.m2/repository/org/atteo/evo-inflector/1.2.2/evo-inflector-1.2.2.jar:/home/esteban/.m2/repository/com/fasterxml/jackson/core/jackson-databind/2.12.4/jackson-databind-2.12.4.jar:/home/esteban/.m2/repository/com/fasterxml/jackson/core/jackson-core/2.12.4/jackson-core-2.12.4.jar:/home/esteban/.m2/repository/com/fasterxml/jackson/core/jackson-annotations/2.12.4/jackson-annotations-2.12.4.jar:/home/esteban/.m2/repository/org/slf4j/slf4j-api/1.7.32/slf4j-api-1.7.32.jar:/home/esteban/.m2/repository/org/springframework/boot/spring-boot-starter-web/2.6.0-SNAPSHOT/spring-boot-starter-web-2.6.0-SNAPSHOT.jar:/home/esteban/.m2/repository/org/springframework/boot/spring-boot-starter/2.6.0-SNAPSHOT/spring-boot-starter-2.6.0-SNAPSHOT.jar:/home/esteban/.m2/repository/org/springframework/boot/spring-boot-starter-logging/2.6.0-SNAPSHOT/spring-boot-starter-logging-2.6.0-SNAPSHOT.jar:/home/esteban/.m2/repository/ch/qos/logback/logback-classic/1.2.5/logback-classic-1.2.5.jar:/home/esteban/.m2/repository/ch/qos/logback/logback-core/1.2.5/logback-core-1.2.5.jar:/home/esteban/.m2/repository/org/apache/logging/log4j/log4j-to-slf4j/2.14.1/log4j-to-slf4j-2.14.1.jar:/home/esteban/.m2/repository/org/apache/logging/log4j/log4j-api/2.14.1/log4j-api-2.14.1.jar:/home/esteban/.m2/repository/org/slf4j/jul-to-slf4j/1.7.32/jul-to-slf4j-1.7.32.jar:/home/esteban/.m2/repository/jakarta/annotation/jakarta.annotation-api/1.3.5/jakarta.annotation-api-1.3.5.jar:/home/esteban/.m2/repository/org/yaml/snakeyaml/1.29/snakeyaml-1.29.jar:/home/esteban/.m2/repository/org/springframework/boot/spring-boot-starter-json/2.6.0-SNAPSHOT/spring-boot-starter-json-2.6.0-SNAPSHOT.jar:/home/esteban/.m2/repository/com/fasterxml/jackson/datatype/jackson-datatype-jdk8/2.12.4/jackson-datatype-jdk8-2.12.4.jar:/home/esteban/.m2/repository/com/fasterxml/jackson/datatype/jackson-datatype-jsr310/2.12.4/jackson-datatype-jsr310-2.12.4.jar:/home/esteban/.m2/repository/com/fasterxml/jackson/module/jackson-module-parameter-names/2.12.4/jackson-module-parameter-names-2.12.4.jar:/home/esteban/.m2/repository/org/springframework/boot/spring-boot-starter-tomcat/2.6.0-SNAPSHOT/spring-boot-starter-tomcat-2.6.0-SNAPSHOT.jar:/home/esteban/.m2/repository/org/apache/tomcat/embed/tomcat-embed-core/9.0.52/tomcat-embed-core-9.0.52.jar:/home/esteban/.m2/repository/org/apache/tomcat/embed/tomcat-embed-el/9.0.52/tomcat-embed-el-9.0.52.jar:/home/esteban/.m2/repository/org/apache/tomcat/embed/tomcat-embed-websocket/9.0.52/tomcat-embed-websocket-9.0.52.jar:/home/esteban/.m2/repository/org/springframework/spring-web/5.3.10-SNAPSHOT/spring-web-5.3.10-SNAPSHOT.jar:/home/esteban/.m2/repository/org/springframework/spring-beans/5.3.10-SNAPSHOT/spring-beans-5.3.10-SNAPSHOT.jar:/home/esteban/.m2/repository/org/springframework/spring-webmvc/5.3.10-SNAPSHOT/spring-webmvc-5.3.10-SNAPSHOT.jar:/home/esteban/.m2/repository/org/springframework/spring-aop/5.3.10-SNAPSHOT/spring-aop-5.3.10-SNAPSHOT.jar:/home/esteban/.m2/repository/org/springframework/spring-context/5.3.10-SNAPSHOT/spring-context-5.3.10-SNAPSHOT.jar:/home/esteban/.m2/repository/org/springframework/spring-expression/5.3.10-SNAPSHOT/spring-expression-5.3.10-SNAPSHOT.jar:/home/esteban/.m2/repository/org/springframework/boot/spring-boot-devtools/2.6.0-SNAPSHOT/spring-boot-devtools-2.6.0-SNAPSHOT.jar:/home/esteban/.m2/repository/org/springframework/boot/spring-boot/2.6.0-SNAPSHOT/spring-boot-2.6.0-SNAPSHOT.jar:/home/esteban/.m2/repository/org/springframework/boot/spring-boot-autoconfigure/2.6.0-SNAPSHOT/spring-boot-autoconfigure-2.6.0-SNAPSHOT.jar:/home/esteban/.m2/repository/org/springframework/boot/spring-boot-starter-data-mongodb/2.6.0-SNAPSHOT/spring-boot-starter-data-mongodb-2.6.0-SNAPSHOT.jar:/home/esteban/.m2/repository/org/mongodb/mongodb-driver-sync/4.3.0/mongodb-driver-sync-4.3.0.jar:/home/esteban/.m2/repository/org/mongodb/bson/4.3.0/bson-4.3.0.jar:/home/esteban/.m2/repository/org/mongodb/mongodb-driver-core/4.3.0/mongodb-driver-core-4.3.0.jar:/home/esteban/.m2/repository/org/springframework/data/spring-data-mongodb/3.3.0-M2/spring-data-mongodb-3.3.0-M2.jar:/home/esteban/.m2/repository/org/springframework/spring-tx/5.3.10-SNAPSHOT/spring-tx-5.3.10-SNAPSHOT.jar:/home/esteban/.m2/repository/org/springframework/data/spring-data-commons/2.6.0-M2/spring-data-commons-2.6.0-M2.jar:/home/esteban/.m2/repository/org/springframework/batch/spring-batch-test/4.3.3/spring-batch-test-4.3.3.jar:/home/esteban/.m2/repository/junit/junit/4.13.2/junit-4.13.2.jar:/home/esteban/.m2/repository/org/hamcrest/hamcrest-core/2.2/hamcrest-core-2.2.jar:/home/esteban/.m2/repository/org/springframework/batch/spring-batch-core/4.3.3/spring-batch-core-4.3.3.jar:/home/esteban/.m2/repository/io/micrometer/micrometer-core/1.8.0-M2/micrometer-core-1.8.0-M2.jar:/home/esteban/.m2/repository/org/hdrhistogram/HdrHistogram/2.1.12/HdrHistogram-2.1.12.jar:/home/esteban/.m2/repository/org/latencyutils/LatencyUtils/2.0.3/LatencyUtils-2.0.3.jar:/home/esteban/.m2/repository/javax/batch/javax.batch-api/1.0/javax.batch-api-1.0.jar:/home/esteban/.m2/repository/org/codehaus/jettison/jettison/1.2/jettison-1.2.jar:/home/esteban/.m2/repository/org/springframework/batch/spring-batch-infrastructure/4.3.3/spring-batch-infrastructure-4.3.3.jar:/home/esteban/.m2/repository/org/springframework/retry/spring-retry/1.3.1/spring-retry-1.3.1.jar:/home/esteban/.m2/repository/javax/annotation/javax.annotation-api/1.3.2/javax.annotation-api-1.3.2.jar:/home/esteban/.m2/repository/org/springframework/spring-jdbc/5.3.10-SNAPSHOT/spring-jdbc-5.3.10-SNAPSHOT.jar:/home/esteban/.m2/repository/org/springframework/spring-test/5.3.10-SNAPSHOT/spring-test-5.3.10-SNAPSHOT.jar:/home/esteban/.m2/repository/org/hsqldb/hsqldb/2.5.2/hsqldb-2.5.2.jar:/home/esteban/.m2/repository/org/projectlombok/lombok/1.18.20/lombok-1.18.20.jar:/home/esteban/.m2/repository/org/springframework/boot/spring-boot-starter-test/2.6.0-SNAPSHOT/spring-boot-starter-test-2.6.0-SNAPSHOT.jar:/home/esteban/.m2/repository/org/springframework/boot/spring-boot-test/2.6.0-SNAPSHOT/spring-boot-test-2.6.0-SNAPSHOT.jar:/home/esteban/.m2/repository/org/springframework/boot/spring-boot-test-autoconfigure/2.6.0-SNAPSHOT/spring-boot-test-autoconfigure-2.6.0-SNAPSHOT.jar:/home/esteban/.m2/repository/com/jayway/jsonpath/json-path/2.6.0/json-path-2.6.0.jar:/home/esteban/.m2/repository/net/minidev/json-smart/2.4.7/json-smart-2.4.7.jar:/home/esteban/.m2/repository/net/minidev/accessors-smart/2.4.7/accessors-smart-2.4.7.jar:/home/esteban/.m2/repository/org/ow2/asm/asm/9.1/asm-9.1.jar:/home/esteban/.m2/repository/jakarta/xml/bind/jakarta.xml.bind-api/2.3.3/jakarta.xml.bind-api-2.3.3.jar:/home/esteban/.m2/repository/jakarta/activation/jakarta.activation-api/1.2.2/jakarta.activation-api-1.2.2.jar:/home/esteban/.m2/repository/org/assertj/assertj-core/3.20.2/assertj-core-3.20.2.jar:/home/esteban/.m2/repository/org/hamcrest/hamcrest/2.2/hamcrest-2.2.jar:/home/esteban/.m2/repository/org/junit/jupiter/junit-jupiter/5.7.2/junit-jupiter-5.7.2.jar:/home/esteban/.m2/repository/org/junit/jupiter/junit-jupiter-api/5.7.2/junit-jupiter-api-5.7.2.jar:/home/esteban/.m2/repository/org/apiguardian/apiguardian-api/1.1.0/apiguardian-api-1.1.0.jar:/home/esteban/.m2/repository/org/opentest4j/opentest4j/1.2.0/opentest4j-1.2.0.jar:/home/esteban/.m2/repository/org/junit/platform/junit-platform-commons/1.7.2/junit-platform-commons-1.7.2.jar:/home/esteban/.m2/repository/org/junit/jupiter/junit-jupiter-params/5.7.2/junit-jupiter-params-5.7.2.jar:/home/esteban/.m2/repository/org/junit/jupiter/junit-jupiter-engine/5.7.2/junit-jupiter-engine-5.7.2.jar:/home/esteban/.m2/repository/org/junit/platform/junit-platform-engine/1.7.2/junit-platform-engine-1.7.2.jar:/home/esteban/.m2/repository/org/mockito/mockito-core/3.11.2/mockito-core-3.11.2.jar:/home/esteban/.m2/repository/net/bytebuddy/byte-buddy/1.11.12/byte-buddy-1.11.12.jar:/home/esteban/.m2/repository/net/bytebuddy/byte-buddy-agent/1.11.12/byte-buddy-agent-1.11.12.jar:/home/esteban/.m2/repository/org/objenesis/objenesis/3.2/objenesis-3.2.jar:/home/esteban/.m2/repository/org/mockito/mockito-junit-jupiter/3.11.2/mockito-junit-jupiter-3.11.2.jar:/home/esteban/.m2/repository/org/skyscreamer/jsonassert/1.5.0/jsonassert-1.5.0.jar:/home/esteban/.m2/repository/com/vaadin/external/google/android-json/0.0.20131108.vaadin1/android-json-0.0.20131108.vaadin1.jar:/home/esteban/.m2/repository/org/springframework/spring-core/5.3.10-SNAPSHOT/spring-core-5.3.10-SNAPSHOT.jar:/home/esteban/.m2/repository/org/springframework/spring-jcl/5.3.10-SNAPSHOT/spring-jcl-5.3.10-SNAPSHOT.jar:/home/esteban/.m2/repository/org/xmlunit/xmlunit-core/2.8.2/xmlunit-core-2.8.2.jar:"/>
    <property name="sun.cpu.endian" value="little"/>
    <property name="user.home" value="/home/esteban"/>
    <property name="user.language" value="en"/>
    <property name="java.specification.vendor" value="Oracle Corporation"/>
    <property name="java.version.date" value="2021-07-20"/>
    <property name="java.home" value="/usr/lib/jvm/java-11-openjdk"/>
    <property name="file.separator" value="/"/>
    <property name="basedir" value="/home/esteban/Documents/ESPE/Noveno Semestre/distribuidas-Dani/examen3"/>
    <property name="java.vm.compressedOopsMode" value="Zero based"/>
    <property name="line.separator" value="&#10;"/>
    <property name="java.specification.name" value="Java Platform API Specification"/>
    <property name="java.vm.specification.vendor" value="Oracle Corporation"/>
    <property name="java.awt.graphicsenv" value="sun.awt.X11GraphicsEnvironment"/>
    <property name="surefire.real.class.path" value="/home/esteban/Documents/ESPE/Noveno Semestre/distribuidas-Dani/examen3/target/surefire/surefirebooter2876948175552964861.jar"/>
    <property name="sun.management.compiler" value="HotSpot 64-Bit Tiered Compilers"/>
    <property name="java.runtime.version" value="11.0.12+7"/>
    <property name="user.name" value="esteban"/>
    <property name="path.separator" value=":"/>
    <property name="os.version" value="5.10.63-1-lts"/>
    <property name="java.runtime.name" value="OpenJDK Runtime Environment"/>
    <property name="file.encoding" value="UTF-8"/>
    <property name="java.vm.name" value="OpenJDK 64-Bit Server VM"/>
    <property name="localRepository" value="/home/esteban/.m2/repository"/>
    <property name="java.vendor.url.bug" value="https://bugreport.java.com/bugreport/"/>
    <property name="java.io.tmpdir" value="/tmp"/>
    <property name="java.version" value="11.0.12"/>
    <property name="user.dir" value="/home/esteban/Documents/ESPE/Noveno Semestre/distribuidas-Dani/examen3"/>
    <property name="os.arch" value="amd64"/>
    <property name="java.vm.specification.name" value="Java Virtual Machine Specification"/>
    <property name="java.awt.printerjob" value="sun.print.PSPrinterJob"/>
    <property name="sun.os.patch.level" value="unknown"/>
    <property name="java.library.path" value="/usr/java/packages/lib:/usr/lib64:/lib64:/lib:/usr/lib"/>
    <property name="java.vm.info" value="mixed mode"/>
    <property name="java.vendor" value="Oracle Corporation"/>
    <property name="java.vm.version" value="11.0.12+7"/>
    <property name="sun.io.unicode.encoding" value="UnicodeLittle"/>
    <property name="java.class.version" value="55.0"/>
  </properties>
  <testcase name="contextLoads" classname="ec.edu.espe.examen3.Examen3ApplicationTests" time="0.24"/>
</testsuite>